2019-08-08T23:03:51+03:00 1 a
2019-08-08T23:03:51+03:00 1 b
2019-08-08T23:03:51+03:00 1 c
2019-08-08T23:03:51+03:00 1 d
2019-08-08T23:03:51+03:00 1 e
2019-08-08T23:03:51+03:00 2 a
2019-08-08T23:03:51+03:00 2 b
2019-08-08T23:03:51+03:00 2 c
2019-08-08T23:03:51+03:00 2 d
2019-08-08T23:03:51+03:00 2 e
2019-08-08T23:03:51+03:00 3 a
2019-08-08T23:03:51+03:00 3 b
2019-08-08T23:03:51+03:00 3 c
2019-08-08T23:03:51+03:00 3 d
2019-08-08T23:03:51+03:00 3 e
2019-08-08T23:03:51+03:00 4 a
2019-08-08T23:03:51+03:00 4 b
2019-08-08T23:03:51+03:00 4 c
2019-08-08T23:03:51+03:00 4 d
2019-08-08T23:03:51+03:00 4 e
2019-08-08T23:03:51+03:00 5 a
2019-08-08T23:03:51+03:00 5 b
2019-08-08T23:03:51+03:00 5 c
2019-08-08T23:03:51+03:00 5 d
2019-08-08T23:03:51+03:00 5 e
